--- Startup times for process: Primary/TUI ---

times in msec
 clock   self+sourced   self:  sourced script
 clock   elapsed:              other lines

000.004  000.004: --- NVIM STARTING ---
000.316  000.312: event init
000.463  000.147: early init
000.558  000.095: locale set
000.613  000.054: init first window
001.132  000.520: inits 1
001.148  000.016: window checked
001.153  000.004: parsing arguments
002.168  000.070  000.070: require('vim.shared')
002.454  000.198  000.198: require('vim.inspect')
002.584  000.101  000.101: require('vim._options')
002.589  000.408  000.109: require('vim._editor')
002.591  000.551  000.073: require('vim._init_packages')
002.599  000.896: init lua interpreter
004.144  001.545: --- NVIM STARTED ---

--- Startup times for process: Embedded ---

times in msec
 clock   self+sourced   self:  sourced script
 clock   elapsed:              other lines

000.004  000.004: --- NVIM STARTING ---
001.846  001.842: event init
001.998  000.153: early init
002.107  000.109: locale set
002.158  000.051: init first window
002.600  000.442: inits 1
002.645  000.045: window checked
002.650  000.006: parsing arguments
003.744  000.061  000.061: require('vim.shared')
003.897  000.080  000.080: require('vim.inspect')
003.977  000.057  000.057: require('vim._options')
003.980  000.227  000.089: require('vim._editor')
003.983  000.365  000.078: require('vim._init_packages')
003.995  000.980: init lua interpreter
004.162  000.167: expanding arguments
004.184  000.022: inits 2
004.437  000.253: init highlight
004.438  000.001: waiting for UI
004.594  000.156: done waiting for UI
004.603  000.008: clear screen
004.747  000.010  000.010: require('vim.keymap')
005.506  000.894  000.885: require('vim._defaults')
005.519  000.021: init default mappings & autocommands
006.330  000.097  000.097: sourcing /home/linuxbrew/.linuxbrew/Cellar/neovim/0.10.3/share/nvim/runtime/ftplugin.vim
006.451  000.047  000.047: sourcing /home/linuxbrew/.linuxbrew/Cellar/neovim/0.10.3/share/nvim/runtime/indent.vim
007.191  000.221  000.221: sourcing /home/linuxbrew/.linuxbrew/Cellar/neovim/0.10.3/share/nvim/runtime/filetype.lua
007.277  000.018  000.018: sourcing /home/linuxbrew/.linuxbrew/Cellar/neovim/0.10.3/share/nvim/runtime/ftplugin.vim
007.487  000.087  000.087: sourcing /home/linuxbrew/.linuxbrew/Cellar/neovim/0.10.3/share/nvim/runtime/syntax/synload.vim
007.666  000.328  000.241: sourcing /home/linuxbrew/.linuxbrew/Cellar/neovim/0.10.3/share/nvim/runtime/syntax/syntax.vim
007.916  001.134  000.566: require('config.core.options')
009.012  001.092  001.092: require('config.core.keymaps')
009.020  002.339  000.113: require('config.core')
009.967  000.620  000.620: require('lazy')
010.021  000.023  000.023: require('ffi')
010.088  000.031  000.031: require('vim.fs')
010.247  000.133  000.133: require('vim.uri')
010.265  000.239  000.075: require('vim.loader')
011.024  000.733  000.733: require('lazy.stats')
011.284  000.227  000.227: require('lazy.core.util')
011.422  000.134  000.134: require('lazy.core.config')
011.668  000.124  000.124: require('lazy.core.handler')
012.177  000.143  000.143: require('lazy.pkg')
012.189  000.350  000.207: require('lazy.core.meta')
012.198  000.526  000.177: require('lazy.core.plugin')
012.209  000.784  000.133: require('lazy.core.loader')
013.312  000.277  000.277: require('lazy.core.fragments')
025.946  000.261  000.261: require('lazy.core.handler.keys')
026.487  000.366  000.366: require('lazy.core.handler.event')
026.499  000.531  000.165: require('lazy.core.handler.ft')
027.208  000.682  000.682: require('lazy.core.handler.cmd')
031.156  000.118  000.118: sourcing /home/linuxbrew/.linuxbrew/Cellar/neovim/0.10.3/share/nvim/runtime/filetype.lua
032.911  001.231  001.231: require('catppuccin')
033.770  000.119  000.119: require('catppuccin.lib.hashing')
039.191  004.337  004.337: sourcing /home/thong/.local/share/nvim/lazy/nvim/colors/catppuccin.vim
041.336  000.787  000.787: require('snacks')
041.344  000.901  000.114: sourcing /home/thong/.local/share/nvim/lazy/snacks.nvim/plugin/snacks.lua
051.997  010.113  010.113: require('mini.icons')
053.291  000.300  000.300: sourcing /home/thong/.local/share/nvim/lazy/nvim-dap/plugin/dap.lua
053.697  000.160  000.160: sourcing /home/thong/.local/share/nvim/lazy/fzf-lua/plugin/fzf-lua.lua
055.167  000.330  000.330: require('fzf-lua.utils')
055.761  000.421  000.421: require('fzf-lua.lib.base64')
056.310  000.536  000.536: require('fzf-lua.lib.serpent')
056.334  001.156  000.199: require('fzf-lua.libuv')
056.366  001.851  000.366: require('fzf-lua.path')
056.741  000.164  000.164: require('fzf-lua.actions')
056.927  000.060  000.060: require('fzf-lua.class')
057.011  000.265  000.205: require('fzf-lua.devicons')
058.572  000.823  000.823: require('fzf-lua.previewer')
060.684  003.668  002.845: require('fzf-lua.defaults')
060.750  004.379  000.281: require('fzf-lua.config')
061.225  000.148  000.148: sourcing /home/thong/.local/share/nvim/lazy/fzf-lua/autoload/fzf_lua.vim
064.983  001.226  001.226: require('fzf-lua.fzf')
066.032  001.023  001.023: require('fzf-lua.win')
066.463  000.422  000.422: require('fzf-lua.shell')
066.703  000.234  000.234: require('fzf-lua.make_entry')
066.764  003.966  001.061: require('fzf-lua.core')
066.780  013.013  002.669: require('fzf-lua')
069.083  000.106  000.106: sourcing /home/thong/.local/share/nvim/lazy/vim-tmux-navigator/plugin/tmux_navigator.vim
069.661  000.318  000.318: sourcing /home/thong/.config/nvim/plugin/float-terminal.lua
070.281  000.217  000.217: sourcing /home/linuxbrew/.linuxbrew/Cellar/neovim/0.10.3/share/nvim/runtime/plugin/editorconfig.lua
070.510  000.159  000.159: sourcing /home/linuxbrew/.linuxbrew/Cellar/neovim/0.10.3/share/nvim/runtime/plugin/gzip.vim
070.809  000.251  000.251: sourcing /home/linuxbrew/.linuxbrew/Cellar/neovim/0.10.3/share/nvim/runtime/plugin/man.lua
071.493  000.208  000.208: sourcing /home/linuxbrew/.linuxbrew/Cellar/neovim/0.10.3/share/nvim/runtime/pack/dist/opt/matchit/plugin/matchit.vim
071.520  000.638  000.430: sourcing /home/linuxbrew/.linuxbrew/Cellar/neovim/0.10.3/share/nvim/runtime/plugin/matchit.vim
071.707  000.139  000.139: sourcing /home/linuxbrew/.linuxbrew/Cellar/neovim/0.10.3/share/nvim/runtime/plugin/matchparen.vim
072.159  000.307  000.307: sourcing /home/linuxbrew/.linuxbrew/Cellar/neovim/0.10.3/share/nvim/runtime/plugin/netrwPlugin.vim
072.596  000.273  000.273: sourcing /home/linuxbrew/.linuxbrew/Cellar/neovim/0.10.3/share/nvim/runtime/plugin/osc52.lua
072.857  000.175  000.175: sourcing /home/linuxbrew/.linuxbrew/Cellar/neovim/0.10.3/share/nvim/runtime/plugin/rplugin.vim
073.005  000.071  000.071: sourcing /home/linuxbrew/.linuxbrew/Cellar/neovim/0.10.3/share/nvim/runtime/plugin/shada.vim
073.104  000.024  000.024: sourcing /home/linuxbrew/.linuxbrew/Cellar/neovim/0.10.3/share/nvim/runtime/plugin/spellfile.vim
073.255  000.096  000.096: sourcing /home/linuxbrew/.linuxbrew/Cellar/neovim/0.10.3/share/nvim/runtime/plugin/tarPlugin.vim
074.392  001.036  001.036: sourcing /home/linuxbrew/.linuxbrew/Cellar/neovim/0.10.3/share/nvim/runtime/plugin/tohtml.lua
074.980  000.182  000.182: sourcing /home/linuxbrew/.linuxbrew/Cellar/neovim/0.10.3/share/nvim/runtime/plugin/tutor.vim
075.965  000.665  000.665: sourcing /home/linuxbrew/.linuxbrew/Cellar/neovim/0.10.3/share/nvim/runtime/plugin/zipPlugin.vim
077.618  068.595  029.133: require('config.lazy')
077.651  071.040  000.107: sourcing /home/thong/.config/nvim/init.lua
077.747  001.043: sourcing vimrc file(s)
077.781  000.034: inits 3
083.795  006.014: reading ShaDa
084.423  000.628: opening buffers
084.629  000.206: BufEnter autocommands
084.639  000.010: editing files in windows
084.975  000.336: VimEnter autocommands
086.166  000.183  000.183: require('snacks.util')
086.230  001.120  000.937: require('snacks.dashboard')
102.228  000.294  000.294: require('snacks.git')
122.241  004.506  004.506: require('vim.filetype')
136.264  000.476  000.476: require('snacks.scroll')
136.565  000.256  000.256: require('snacks.animate')
137.373  000.218  000.218: require('vim.ui')
137.390  000.636  000.418: require('snacks.input')
137.457  045.194: UIEnter autocommands
138.269  000.646  000.646: sourcing /home/linuxbrew/.linuxbrew/Cellar/neovim/0.10.3/share/nvim/runtime/autoload/provider/clipboard.vim
138.284  000.181: before starting main loop
138.516  000.069  000.069: require('vim.F')
139.590  001.237: first screen update
139.595  000.005: --- NVIM STARTED ---

--- Startup times for process: Primary/TUI ---

times in msec
 clock   self+sourced   self:  sourced script
 clock   elapsed:              other lines

000.004  000.004: --- NVIM STARTING ---
000.270  000.266: event init
000.426  000.156: early init
000.509  000.083: locale set
000.558  000.049: init first window
001.016  000.459: inits 1
001.030  000.014: window checked
001.033  000.004: parsing arguments
002.044  000.055  000.055: require('vim.shared')
002.177  000.066  000.066: require('vim.inspect')
002.252  000.052  000.052: require('vim._options')
002.254  000.201  000.083: require('vim._editor')
002.256  000.344  000.088: require('vim._init_packages')
002.261  000.883: init lua interpreter
003.292  001.031: --- NVIM STARTED ---

--- Startup times for process: Embedded ---

times in msec
 clock   self+sourced   self:  sourced script
 clock   elapsed:              other lines

000.005  000.005: --- NVIM STARTING ---
000.384  000.379: event init
000.552  000.168: early init
000.674  000.122: locale set
000.747  000.073: init first window
001.301  000.554: inits 1
001.343  000.042: window checked
001.349  000.006: parsing arguments
002.404  000.056  000.056: require('vim.shared')
002.544  000.072  000.072: require('vim.inspect')
002.660  000.096  000.096: require('vim._options')
002.664  000.247  000.079: require('vim._editor')
002.666  000.397  000.094: require('vim._init_packages')
002.673  000.927: init lua interpreter
002.872  000.199: expanding arguments
002.913  000.041: inits 2
003.286  000.373: init highlight
003.292  000.006: waiting for UI
003.576  000.284: done waiting for UI
003.590  000.014: clear screen
003.752  000.032  000.032: require('vim.keymap')
004.954  001.354  001.322: require('vim._defaults')
004.962  000.018: init default mappings & autocommands
005.679  000.079  000.079: sourcing /home/linuxbrew/.linuxbrew/Cellar/neovim/0.10.3/share/nvim/runtime/ftplugin.vim
005.763  000.032  000.032: sourcing /home/linuxbrew/.linuxbrew/Cellar/neovim/0.10.3/share/nvim/runtime/indent.vim
006.395  000.168  000.168: sourcing /home/linuxbrew/.linuxbrew/Cellar/neovim/0.10.3/share/nvim/runtime/filetype.lua
006.506  000.023  000.023: sourcing /home/linuxbrew/.linuxbrew/Cellar/neovim/0.10.3/share/nvim/runtime/ftplugin.vim
006.809  000.124  000.124: sourcing /home/linuxbrew/.linuxbrew/Cellar/neovim/0.10.3/share/nvim/runtime/syntax/synload.vim
007.073  000.490  000.366: sourcing /home/linuxbrew/.linuxbrew/Cellar/neovim/0.10.3/share/nvim/runtime/syntax/syntax.vim
007.336  001.309  000.628: require('config.core.options')
008.525  001.183  001.183: require('config.core.keymaps')
008.539  002.600  000.108: require('config.core')
009.389  000.547  000.547: require('lazy')
009.443  000.020  000.020: require('ffi')
009.509  000.030  000.030: require('vim.fs')
009.651  000.134  000.134: require('vim.uri')
009.669  000.223  000.058: require('vim.loader')
010.054  000.363  000.363: require('lazy.stats')
010.319  000.214  000.214: require('lazy.core.util')
010.460  000.136  000.136: require('lazy.core.config')
010.782  000.187  000.187: require('lazy.core.handler')
011.209  000.101  000.101: require('lazy.pkg')
011.216  000.309  000.208: require('lazy.core.meta')
011.225  000.439  000.130: require('lazy.core.plugin')
011.233  000.770  000.144: require('lazy.core.loader')
012.061  000.156  000.156: require('lazy.core.fragments')
019.927  000.768  000.768: require('lazy.core.handler.keys')
020.428  000.457  000.457: require('lazy.core.handler.cmd')
020.822  000.182  000.182: require('lazy.core.handler.event')
020.829  000.382  000.200: require('lazy.core.handler.ft')
026.607  000.300  000.300: sourcing /home/linuxbrew/.linuxbrew/Cellar/neovim/0.10.3/share/nvim/runtime/filetype.lua
029.023  000.891  000.891: require('snacks')
029.035  000.975  000.084: sourcing /home/thong/.local/share/nvim/lazy/snacks.nvim/plugin/snacks.lua
030.157  000.743  000.743: require('catppuccin')
031.131  000.096  000.096: require('catppuccin.lib.hashing')
038.796  005.593  005.593: sourcing /home/thong/.local/share/nvim/lazy/nvim/colors/catppuccin.vim
044.092  004.193  004.193: require('mini.icons')
044.635  000.113  000.113: sourcing /home/thong/.local/share/nvim/lazy/nvim-dap/plugin/dap.lua
044.786  000.058  000.058: sourcing /home/thong/.local/share/nvim/lazy/fzf-lua/plugin/fzf-lua.lua
045.327  000.163  000.163: require('fzf-lua.utils')
045.595  000.132  000.132: require('fzf-lua.lib.base64')
045.732  000.134  000.134: require('fzf-lua.lib.serpent')
045.738  000.407  000.141: require('fzf-lua.libuv')
045.747  000.715  000.145: require('fzf-lua.path')
045.961  000.109  000.109: require('fzf-lua.actions')
046.136  000.048  000.048: require('fzf-lua.class')
046.191  000.227  000.179: require('fzf-lua.devicons')
046.501  000.064  000.064: require('fzf-lua.previewer')
047.162  000.967  000.902: require('fzf-lua.defaults')
047.175  001.426  000.124: require('fzf-lua.config')
047.312  000.029  000.029: sourcing /home/thong/.local/share/nvim/lazy/fzf-lua/autoload/fzf_lua.vim
048.244  000.205  000.205: require('fzf-lua.fzf')
048.879  000.629  000.629: require('fzf-lua.win')
049.130  000.247  000.247: require('fzf-lua.shell')
049.273  000.138  000.138: require('fzf-lua.make_entry')
049.312  001.562  000.342: require('fzf-lua.core')
049.426  004.616  000.884: require('fzf-lua')
057.969  000.157  000.157: sourcing /home/thong/.local/share/nvim/lazy/vim-tmux-navigator/plugin/tmux_navigator.vim
058.571  000.231  000.231: sourcing /home/thong/.config/nvim/plugin/float-terminal.lua
059.053  000.144  000.144: sourcing /home/linuxbrew/.linuxbrew/Cellar/neovim/0.10.3/share/nvim/runtime/plugin/editorconfig.lua
059.336  000.220  000.220: sourcing /home/linuxbrew/.linuxbrew/Cellar/neovim/0.10.3/share/nvim/runtime/plugin/gzip.vim
059.499  000.106  000.106: sourcing /home/linuxbrew/.linuxbrew/Cellar/neovim/0.10.3/share/nvim/runtime/plugin/man.lua
060.184  000.208  000.208: sourcing /home/linuxbrew/.linuxbrew/Cellar/neovim/0.10.3/share/nvim/runtime/pack/dist/opt/matchit/plugin/matchit.vim
060.218  000.665  000.457: sourcing /home/linuxbrew/.linuxbrew/Cellar/neovim/0.10.3/share/nvim/runtime/plugin/matchit.vim
060.436  000.159  000.159: sourcing /home/linuxbrew/.linuxbrew/Cellar/neovim/0.10.3/share/nvim/runtime/plugin/matchparen.vim
060.875  000.392  000.392: sourcing /home/linuxbrew/.linuxbrew/Cellar/neovim/0.10.3/share/nvim/runtime/plugin/netrwPlugin.vim
061.041  000.087  000.087: sourcing /home/linuxbrew/.linuxbrew/Cellar/neovim/0.10.3/share/nvim/runtime/plugin/osc52.lua
061.256  000.161  000.161: sourcing /home/linuxbrew/.linuxbrew/Cellar/neovim/0.10.3/share/nvim/runtime/plugin/rplugin.vim
061.376  000.065  000.065: sourcing /home/linuxbrew/.linuxbrew/Cellar/neovim/0.10.3/share/nvim/runtime/plugin/shada.vim
061.497  000.052  000.052: sourcing /home/linuxbrew/.linuxbrew/Cellar/neovim/0.10.3/share/nvim/runtime/plugin/spellfile.vim
061.647  000.095  000.095: sourcing /home/linuxbrew/.linuxbrew/Cellar/neovim/0.10.3/share/nvim/runtime/plugin/tarPlugin.vim
061.768  000.068  000.068: sourcing /home/linuxbrew/.linuxbrew/Cellar/neovim/0.10.3/share/nvim/runtime/plugin/tohtml.lua
061.847  000.021  000.021: sourcing /home/linuxbrew/.linuxbrew/Cellar/neovim/0.10.3/share/nvim/runtime/plugin/tutor.vim
062.020  000.127  000.127: sourcing /home/linuxbrew/.linuxbrew/Cellar/neovim/0.10.3/share/nvim/runtime/plugin/zipPlugin.vim
062.156  053.612  030.138: require('config.lazy')
062.159  056.283  000.071: sourcing /home/thong/.config/nvim/init.lua
062.172  000.816: sourcing vimrc file(s)
062.181  000.009: inits 3
064.311  002.130: reading ShaDa
064.472  000.162: opening buffers
064.532  000.059: BufEnter autocommands
064.536  000.004: editing files in windows
064.632  000.096: VimEnter autocommands
065.242  000.139  000.139: require('snacks.util')
065.276  000.598  000.459: require('snacks.dashboard')
074.588  000.153  000.153: require('snacks.git')
091.159  005.238  005.238: require('vim.filetype')
100.179  000.389  000.389: require('snacks.scroll')
100.528  000.226  000.226: require('snacks.animate')
103.248  001.255  001.255: require('vim.ui')
103.397  002.623  001.368: require('snacks.input')
103.619  029.761: UIEnter autocommands
105.136  001.180  001.180: sourcing /home/linuxbrew/.linuxbrew/Cellar/neovim/0.10.3/share/nvim/runtime/autoload/provider/clipboard.vim
105.174  000.374: before starting main loop
105.647  000.079  000.079: require('vim.F')
107.062  001.810: first screen update
107.072  000.010: --- NVIM STARTED ---

